<?xml version="1.0" encoding="utf-8" standalone="no"?>
<test-run id="0" runstate="Runnable" testcasecount="1" result="Failed" total="1" passed="0" failed="1" warnings="0" inconclusive="0" skipped="0" asserts="1" engine-version="3.16.3.0" clr-version="4.0.30319.42000" start-time="2023-05-14 16:53:37Z" end-time="2023-05-14 16:53:41Z" duration="3.400639">
  <command-line><![CDATA["C:\ProgramData\chocolatey\lib\nunit-console-runner\tools\nunit3-console.exe" .\addressbook_tests_autoit.dll]]></command-line>
  <test-suite type="Assembly" id="1-1002" name="addressbook_tests_autoit.dll" fullname="C:\Users\user\source\repos\addressbook_tests_autoit\addressbook_tests_autoit\bin\Debug\addressbook_tests_autoit.dll" runstate="Runnable" testcasecount="1" result="Failed" site="Child" start-time="2023-05-14T16:53:38.1858053Z" end-time="2023-05-14T16:53:40.9843784Z" duration="2.797217" total="1" passed="0" failed="1" warnings="0" inconclusive="0" skipped="0" asserts="1">
    <environment framework-version="3.13.3.0" clr-version="4.0.30319.42000" os-version="Microsoft Windows NT 10.0.17763.0" platform="Win32NT" cwd="C:\Users\user\source\repos\addressbook_tests_autoit\addressbook_tests_autoit\bin\Debug" machine-name="RIT-07112022-01" user="user" user-domain="RIT-07112022-01" culture="ru-RU" uiculture="ru-RU" os-architecture="x64" />
    <settings>
      <setting name="DisposeRunners" value="True" />
      <setting name="WorkDirectory" value="C:\Users\user\source\repos\addressbook_tests_autoit\addressbook_tests_autoit\bin\Debug" />
      <setting name="ImageRuntimeVersion" value="4.0.30319" />
      <setting name="ImageTargetFrameworkName" value=".NETFramework,Version=v4.8" />
      <setting name="ImageRequiresX86" value="False" />
      <setting name="ImageRequiresDefaultAppDomainAssemblyResolver" value="False" />
      <setting name="TargetRuntimeFramework" value="net-4.8" />
      <setting name="NumberOfTestWorkers" value="8" />
    </settings>
    <properties>
      <property name="_PID" value="14192" />
      <property name="_APPDOMAIN" value="domain-" />
    </properties>
    <failure>
      <message><![CDATA[One or more child tests had errors]]></message>
    </failure>
    <test-suite type="TestSuite" id="1-1003" name="addressbook_tests_autoit" fullname="addressbook_tests_autoit" runstate="Runnable" testcasecount="1" result="Failed" site="Child" start-time="2023-05-14T16:53:38.2040519Z" end-time="2023-05-14T16:53:40.9843784Z" duration="2.779688" total="1" passed="0" failed="1" warnings="0" inconclusive="0" skipped="0" asserts="1">
      <failure>
        <message><![CDATA[One or more child tests had errors]]></message>
      </failure>
      <test-suite type="TestFixture" id="1-1000" name="GroupCreationTests" fullname="addressbook_tests_autoit.GroupCreationTests" classname="addressbook_tests_autoit.GroupCreationTests" runstate="Runnable" testcasecount="1" result="Failed" site="Child" start-time="2023-05-14T16:53:38.2062808Z" end-time="2023-05-14T16:53:40.9833773Z" duration="2.777532" total="1" passed="0" failed="1" warnings="0" inconclusive="0" skipped="0" asserts="1">
        <failure>
          <message><![CDATA[One or more child tests had errors]]></message>
        </failure>
        <test-case id="1-1001" name="TestGroupCreation" fullname="addressbook_tests_autoit.GroupCreationTests.TestGroupCreation" methodname="TestGroupCreation" classname="addressbook_tests_autoit.GroupCreationTests" runstate="Runnable" seed="675254581" result="Failed" start-time="2023-05-14T16:53:38.2092816Z" end-time="2023-05-14T16:53:40.9803705Z" duration="2.772058" asserts="1">
          <failure>
            <message><![CDATA[  Expected: 1
  But was:  0
]]></message>
            <stack-trace><![CDATA[   в addressbook_tests_autoit.GroupCreationTests.TestGroupCreation() в C:\Users\user\source\repos\addressbook_tests_autoit\addressbook_tests_autoit\tests\GroupCreationTests.cs:строка 25
]]></stack-trace>
          </failure>
          <assertions>
            <assertion result="Failed">
              <message><![CDATA[  Expected: 1
  But was:  0
]]></message>
              <stack-trace><![CDATA[   в addressbook_tests_autoit.GroupCreationTests.TestGroupCreation() в C:\Users\user\source\repos\addressbook_tests_autoit\addressbook_tests_autoit\tests\GroupCreationTests.cs:строка 25
]]></stack-trace>
            </assertion>
          </assertions>
        </test-case>
      </test-suite>
    </test-suite>
  </test-suite>
</test-run>